Traceback (most recent call last):
  File "/home/woody/iwi5/iwi5298h/software/private/conda/envs/phi_ocr/lib/python3.10/site-packages/transformers/utils/import_utils.py", line 1586, in _get_module
    return importlib.import_module("." + module_name, self.__name__)
  File "/home/woody/iwi5/iwi5298h/software/private/conda/envs/phi_ocr/lib/python3.10/importlib/__init__.py", line 126, in import_module
    return _bootstrap._gcd_import(name[level:], package, level)
  File "<frozen importlib._bootstrap>", line 1050, in _gcd_import
  File "<frozen importlib._bootstrap>", line 1027, in _find_and_load
  File "<frozen importlib._bootstrap>", line 1006, in _find_and_load_unlocked
  File "<frozen importlib._bootstrap>", line 688, in _load_unlocked
  File "<frozen importlib._bootstrap_external>", line 883, in exec_module
  File "<frozen importlib._bootstrap>", line 241, in _call_with_frames_removed
  File "/home/woody/iwi5/iwi5298h/software/private/conda/envs/phi_ocr/lib/python3.10/site-packages/transformers/trainer.py", line 221, in <module>
    from accelerate.utils import (
ImportError: cannot import name 'is_mlu_available' from 'accelerate.utils' (/home/woody/iwi5/iwi5298h/software/private/conda/envs/phi_ocr/lib/python3.10/site-packages/accelerate/utils/__init__.py)

The above exception was the direct cause of the following exception:

Traceback (most recent call last):
  File "/home/hpc/iwi5/iwi5298h/Uddipan-Thesis/phivision/finetune/stair2.py", line 9, in <module>
    from transformers import (
  File "<frozen importlib._bootstrap>", line 1075, in _handle_fromlist
  File "/home/woody/iwi5/iwi5298h/software/private/conda/envs/phi_ocr/lib/python3.10/site-packages/transformers/utils/import_utils.py", line 1576, in __getattr__
    module = self._get_module(self._class_to_module[name])
  File "/home/woody/iwi5/iwi5298h/software/private/conda/envs/phi_ocr/lib/python3.10/site-packages/transformers/utils/import_utils.py", line 1588, in _get_module
    raise RuntimeError(
RuntimeError: Failed to import transformers.trainer because of the following error (look up to see its traceback):
cannot import name 'is_mlu_available' from 'accelerate.utils' (/home/woody/iwi5/iwi5298h/software/private/conda/envs/phi_ocr/lib/python3.10/site-packages/accelerate/utils/__init__.py)
