Traceback (most recent call last):
  File "/home/woody/iwi5/iwi5298h/software/private/conda/envs/uddipan_thesis/lib/python3.11/site-packages/transformers/utils/import_utils.py", line 1764, in _get_module
    return importlib.import_module("." + module_name, self.__name__)
           ^^^^^^^^^^^^^^^^^^^^^^^^^^^^^^^^^^^^^^^^^^^^^^^^^^^^^^^^^
  File "/home/woody/iwi5/iwi5298h/software/private/conda/envs/uddipan_thesis/lib/python3.11/importlib/__init__.py", line 126, in import_module
    return _bootstrap._gcd_import(name[level:], package, level)
           ^^^^^^^^^^^^^^^^^^^^^^^^^^^^^^^^^^^^^^^^^^^^^^^^^^^^
  File "<frozen importlib._bootstrap>", line 1204, in _gcd_import
  File "<frozen importlib._bootstrap>", line 1176, in _find_and_load
  File "<frozen importlib._bootstrap>", line 1147, in _find_and_load_unlocked
  File "<frozen importlib._bootstrap>", line 690, in _load_unlocked
  File "<frozen importlib._bootstrap_external>", line 940, in exec_module
  File "<frozen importlib._bootstrap>", line 241, in _call_with_frames_removed
  File "/home/woody/iwi5/iwi5298h/software/private/conda/envs/uddipan_thesis/lib/python3.11/site-packages/transformers/models/donut/processing_donut.py", line 23, in <module>
    from ...processing_utils import ProcessorMixin
  File "/home/woody/iwi5/iwi5298h/software/private/conda/envs/uddipan_thesis/lib/python3.11/site-packages/transformers/processing_utils.py", line 33, in <module>
    from .image_utils import ChannelDimension, is_valid_image, is_vision_available
  File "/home/woody/iwi5/iwi5298h/software/private/conda/envs/uddipan_thesis/lib/python3.11/site-packages/transformers/image_utils.py", line 58, in <module>
    from torchvision.transforms import InterpolationMode
  File "/home/woody/iwi5/iwi5298h/software/private/conda/envs/uddipan_thesis/lib/python3.11/site-packages/torchvision/__init__.py", line 10, in <module>
    from torchvision import _meta_registrations, datasets, io, models, ops, transforms, utils  # usort:skip
    ^^^^^^^^^^^^^^^^^^^^^^^^^^^^^^^^^^^^^^^^^^^^^^^^^^^^^^^^^^^^^^^^^^^^^^^^^^^^^^^^^^^^^^^^^
  File "/home/woody/iwi5/iwi5298h/software/private/conda/envs/uddipan_thesis/lib/python3.11/site-packages/torchvision/_meta_registrations.py", line 163, in <module>
    @torch.library.register_fake("torchvision::nms")
     ^^^^^^^^^^^^^^^^^^^^^^^^^^^^^^^^^^^^^^^^^^^^^^^
  File "/home/woody/iwi5/iwi5298h/software/private/conda/envs/uddipan_thesis/lib/python3.11/site-packages/torch/library.py", line 1069, in register
    use_lib._register_fake(
  File "/home/woody/iwi5/iwi5298h/software/private/conda/envs/uddipan_thesis/lib/python3.11/site-packages/torch/library.py", line 219, in _register_fake
    handle = entry.fake_impl.register(
             ^^^^^^^^^^^^^^^^^^^^^^^^^
  File "/home/woody/iwi5/iwi5298h/software/private/conda/envs/uddipan_thesis/lib/python3.11/site-packages/torch/_library/fake_impl.py", line 50, in register
    if torch._C._dispatch_has_kernel_for_dispatch_key(self.qualname, "Meta"):
       ^^^^^^^^^^^^^^^^^^^^^^^^^^^^^^^^^^^^^^^^^^^^^^^^^^^^^^^^^^^^^^^^^^^^^
RuntimeError: operator torchvision::nms does not exist

The above exception was the direct cause of the following exception:

Traceback (most recent call last):
  File "/home/hpc/iwi5/iwi5298h/Uddipan-Thesis/DONUT/finetune_with_image_text/staircase_base.py", line 11, in <module>
    from transformers import (
  File "<frozen importlib._bootstrap>", line 1229, in _handle_fromlist
  File "/home/woody/iwi5/iwi5298h/software/private/conda/envs/uddipan_thesis/lib/python3.11/site-packages/transformers/utils/import_utils.py", line 1755, in __getattr__
    value = getattr(module, name)
            ^^^^^^^^^^^^^^^^^^^^^
  File "/home/woody/iwi5/iwi5298h/software/private/conda/envs/uddipan_thesis/lib/python3.11/site-packages/transformers/utils/import_utils.py", line 1754, in __getattr__
    module = self._get_module(self._class_to_module[name])
             ^^^^^^^^^^^^^^^^^^^^^^^^^^^^^^^^^^^^^^^^^^^^^
  File "/home/woody/iwi5/iwi5298h/software/private/conda/envs/uddipan_thesis/lib/python3.11/site-packages/transformers/utils/import_utils.py", line 1766, in _get_module
    raise RuntimeError(
RuntimeError: Failed to import transformers.models.donut.processing_donut because of the following error (look up to see its traceback):
operator torchvision::nms does not exist
